SF:lib\about_page.dart
DA:5,1
DA:7,1
LF:2
LH:2
end_of_record
SF:lib\main.dart
DA:19,0
DA:20,0
DA:23,3
DA:24,1
DA:25,1
DA:27,2
DA:29,1
DA:31,0
DA:32,0
DA:33,0
DA:34,0
DA:37,1
DA:39,0
DA:41,1
DA:43,0
DA:45,1
DA:47,0
DA:49,1
DA:51,0
DA:53,1
DA:55,0
DA:58,1
DA:60,0
DA:61,0
DA:63,0
DA:64,0
DA:65,0
DA:69,0
DA:73,1
DA:75,1
DA:77,1
DA:78,0
DA:79,1
DA:82,1
DA:83,1
DA:85,1
DA:94,1
DA:96,0
DA:98,0
DA:101,0
DA:102,0
DA:105,0
DA:109,1
DA:111,1
DA:112,1
DA:113,1
DA:114,1
DA:119,1
DA:122,1
DA:123,1
DA:125,1
DA:126,1
DA:134,1
DA:135,1
DA:136,1
DA:142,1
DA:146,1
DA:148,1
DA:169,1
DA:170,0
DA:172,0
DA:173,0
DA:175,1
DA:195,1
DA:197,1
DA:199,1
DA:200,1
DA:210,1
DA:214,4
DA:247,2
DA:253,1
DA:254,1
DA:264,1
DA:266,1
DA:268,1
DA:269,1
DA:270,5
DA:273,1
DA:275,1
DA:276,1
DA:277,1
DA:278,2
DA:281,1
DA:284,1
DA:285,0
DA:287,0
DA:289,1
DA:291,1
DA:292,1
DA:293,1
DA:294,2
DA:296,1
DA:297,1
DA:298,1
DA:307,1
DA:309,1
DA:311,1
DA:312,2
DA:317,3
DA:318,1
DA:319,1
DA:320,1
DA:321,4
DA:328,1
DA:329,4
DA:339,1
DA:340,4
DA:357,1
DA:359,7
DA:362,7
DA:363,0
DA:364,0
DA:366,7
DA:367,7
DA:372,0
DA:373,0
DA:380,1
DA:387,0
DA:388,0
DA:391,7
DA:393,7
DA:394,14
DA:395,21
DA:396,0
DA:397,0
DA:398,0
DA:399,0
DA:400,0
DA:401,0
DA:402,0
DA:404,0
DA:415,1
DA:418,0
DA:420,0
DA:421,0
DA:422,0
DA:423,0
DA:426,7
DA:428,14
DA:429,14
DA:430,7
DA:435,1
DA:437,0
DA:438,0
DA:441,0
DA:442,0
DA:445,0
DA:449,7
DA:451,14
DA:452,7
DA:454,7
DA:456,7
DA:457,7
DA:458,7
DA:459,0
DA:460,0
DA:462,7
DA:463,7
DA:464,7
DA:468,7
DA:469,7
DA:470,7
DA:482,28
DA:524,7
DA:526,7
DA:528,7
DA:529,7
DA:540,7
DA:542,7
DA:553,0
DA:555,7
DA:566,0
DA:568,7
DA:579,0
DA:580,0
DA:633,0
DA:636,0
DA:637,0
DA:638,0
DA:639,0
DA:640,0
DA:658,1
DA:660,7
DA:662,7
DA:676,1
DA:678,0
DA:680,6
DA:682,6
DA:684,6
DA:686,12
DA:711,6
DA:712,0
DA:714,6
DA:715,0
DA:729,6
DA:730,6
DA:731,6
DA:739,1
DA:740,1
DA:748,1
DA:750,7
DA:752,7
DA:767,7
DA:768,7
DA:770,7
DA:771,7
LF:206
LH:139
end_of_record
SF:lib\account_page.dart
DA:6,2
DA:8,1
DA:10,1
DA:11,1
DA:14,1
DA:15,1
DA:16,1
DA:22,1
DA:24,1
DA:37,1
DA:38,0
LF:11
LH:10
end_of_record
SF:lib\collection_page.dart
DA:20,1
DA:22,1
DA:23,1
DA:31,1
DA:33,1
DA:34,4
DA:37,1
DA:39,2
DA:40,1
DA:42,1
DA:44,1
DA:45,0
DA:49,0
DA:50,0
DA:51,0
DA:52,0
DA:59,0
DA:60,0
DA:65,0
DA:69,1
DA:72,1
DA:74,1
DA:75,1
DA:76,1
DA:77,1
DA:79,1
DA:81,1
DA:83,1
DA:84,1
DA:85,3
DA:89,3
DA:106,1
DA:107,1
DA:108,1
DA:109,1
DA:110,2
DA:117,1
DA:118,0
DA:121,0
DA:125,2
DA:127,1
DA:129,1
DA:133,1
DA:135,1
DA:136,1
DA:137,1
DA:138,1
DA:139,1
DA:140,2
DA:141,1
DA:142,1
DA:148,3
DA:154,2
DA:156,0
DA:158,0
DA:162,0
DA:168,0
DA:169,0
DA:192,1
DA:200,1
DA:201,1
DA:206,1
DA:208,0
DA:209,1
DA:210,1
DA:211,6
DA:213,2
DA:216,1
DA:217,5
DA:219,1
DA:220,0
DA:222,1
DA:223,4
DA:224,4
DA:225,1
DA:227,0
DA:228,0
DA:229,0
DA:230,0
DA:233,1
DA:234,0
DA:235,0
DA:236,0
DA:237,0
DA:247,1
DA:249,1
DA:250,3
DA:251,3
DA:253,3
DA:254,2
DA:258,1
DA:261,1
DA:262,1
DA:266,2
DA:267,2
DA:269,2
DA:274,1
DA:287,1
DA:288,1
DA:289,1
DA:290,1
DA:292,1
DA:294,1
DA:296,1
DA:298,0
DA:299,0
DA:300,0
DA:301,0
DA:309,1
DA:310,1
DA:312,1
DA:314,1
DA:316,1
DA:318,0
DA:319,0
DA:320,0
DA:321,0
DA:332,1
DA:333,1
DA:334,3
DA:336,4
DA:337,1
DA:338,1
DA:339,2
DA:340,1
DA:343,1
DA:344,2
DA:345,0
DA:346,0
DA:347,0
DA:349,0
DA:351,0
DA:352,0
DA:353,0
DA:355,0
DA:356,0
DA:358,0
DA:359,0
DA:360,0
DA:361,0
DA:363,0
DA:364,0
DA:365,0
DA:366,0
DA:369,0
DA:370,0
DA:371,0
DA:372,0
DA:373,0
DA:378,1
DA:379,2
DA:380,1
DA:382,3
LF:153
LH:98
end_of_record
SF:lib\json_parser.dart
DA:8,2
DA:12,3
DA:13,2
DA:14,2
DA:15,4
LF:5
LH:5
end_of_record
SF:lib\models\product_model.dart
DA:20,7
DA:24,9
DA:34,9
DA:35,9
DA:36,9
DA:37,9
DA:38,9
DA:39,9
DA:40,9
DA:41,9
DA:43,6
DA:47,1
DA:49,1
DA:50,2
DA:51,2
DA:52,1
DA:53,2
DA:54,2
DA:55,2
DA:56,2
DA:57,1
DA:58,1
DA:59,1
DA:60,4
DA:61,1
DA:62,1
DA:65,0
DA:66,0
DA:68,2
DA:70,1
DA:71,1
DA:72,0
DA:73,0
DA:74,0
DA:75,0
DA:77,0
DA:81,0
DA:83,3
DA:87,0
DA:91,12
DA:92,10
DA:93,4
DA:94,8
DA:96,4
DA:98,18
DA:99,14
DA:101,12
DA:102,6
DA:103,8
DA:107,6
DA:108,6
DA:112,2
DA:113,2
DA:114,4
DA:117,2
DA:118,4
DA:121,2
DA:122,6
DA:124,4
DA:130,6
DA:131,12
DA:132,12
DA:133,12
DA:134,12
DA:135,12
DA:136,12
DA:138,12
DA:140,12
DA:142,3
DA:143,24
DA:145,6
DA:146,12
DA:148,12
DA:152,5
DA:153,5
DA:154,5
LF:76
LH:67
end_of_record
SF:lib\models\category.dart
DA:13,2
DA:15,2
DA:17,2
DA:19,2
DA:21,2
DA:23,2
DA:25,2
DA:27,2
DA:29,2
DA:31,2
DA:36,2
DA:38,2
DA:40,2
DA:42,2
DA:44,2
DA:46,2
DA:48,1
DA:50,1
DA:52,1
DA:54,1
DA:62,1
DA:64,1
DA:66,1
DA:68,1
DA:70,1
DA:72,1
DA:74,1
DA:76,1
DA:78,1
DA:80,1
DA:85,1
DA:87,1
DA:89,1
DA:91,1
DA:93,1
DA:95,1
DA:97,1
DA:99,1
DA:101,1
DA:103,1
LF:40
LH:40
end_of_record
SF:lib\product_page.dart
DA:9,1
DA:15,1
DA:16,1
DA:20,1
DA:26,1
DA:27,2
DA:28,2
DA:29,3
DA:30,1
DA:32,2
DA:33,0
DA:39,1
DA:41,1
DA:42,1
DA:43,2
DA:46,1
DA:49,3
DA:50,1
DA:52,2
DA:53,1
DA:56,0
DA:57,0
DA:60,0
DA:64,1
DA:66,1
DA:67,1
DA:68,1
DA:69,2
DA:72,1
DA:75,1
DA:76,1
DA:77,1
DA:78,1
DA:83,1
DA:84,1
DA:85,1
DA:88,1
DA:89,1
DA:90,1
DA:92,1
DA:93,1
DA:94,1
DA:96,1
DA:97,1
DA:98,1
DA:99,2
DA:101,1
DA:102,1
DA:103,1
DA:131,1
DA:134,1
DA:135,1
DA:136,1
DA:137,2
DA:147,3
DA:148,0
DA:149,0
DA:156,0
DA:157,0
DA:164,1
DA:166,1
DA:167,4
DA:185,1
DA:188,1
DA:189,3
DA:191,1
DA:192,2
DA:194,1
DA:195,3
DA:196,1
DA:198,3
DA:200,2
DA:201,0
DA:203,0
DA:204,0
DA:210,2
DA:218,1
DA:219,1
DA:220,3
DA:223,1
DA:224,1
DA:225,0
DA:226,1
DA:232,1
DA:233,1
DA:235,1
DA:237,1
DA:238,2
DA:267,2
DA:274,2
DA:275,2
DA:280,2
DA:282,2
DA:284,10
DA:286,3
DA:288,8
DA:291,1
DA:292,1
DA:293,4
DA:295,3
DA:296,2
DA:297,0
DA:298,0
DA:301,2
DA:305,2
DA:307,8
DA:308,2
DA:311,2
DA:313,4
DA:318,2
DA:319,2
DA:320,6
DA:321,2
DA:322,8
DA:323,4
DA:324,4
DA:325,4
DA:326,2
DA:327,2
DA:328,1
DA:330,2
DA:331,1
DA:334,3
DA:336,3
DA:348,2
DA:350,2
DA:351,2
DA:357,2
DA:359,2
DA:360,4
DA:361,8
DA:362,4
DA:364,6
DA:367,1
DA:368,2
DA:369,1
DA:370,3
DA:374,2
DA:376,6
DA:377,4
DA:378,2
DA:381,2
DA:383,2
DA:384,2
DA:386,2
DA:389,2
DA:390,2
LF:147
LH:133
end_of_record
SF:lib\print_shack\print_about_page.dart
DA:5,1
DA:7,1
DA:55,1
DA:57,2
DA:59,2
DA:60,2
DA:62,2
DA:63,2
DA:64,2
LF:9
LH:9
end_of_record
SF:lib\print_shack\print_personal_page.dart
DA:14,2
DA:16,1
DA:18,1
DA:38,1
DA:40,1
DA:41,2
DA:43,2
DA:44,4
DA:45,3
DA:48,3
DA:49,2
DA:50,3
DA:53,2
DA:54,3
DA:55,5
DA:57,1
DA:58,2
DA:59,4
DA:61,3
DA:62,0
DA:63,0
DA:68,0
DA:69,0
DA:70,0
DA:71,0
DA:72,0
DA:73,0
DA:74,0
DA:75,0
DA:76,0
DA:77,0
DA:78,0
DA:79,0
DA:82,0
DA:83,0
DA:84,0
DA:88,0
DA:90,0
DA:92,0
DA:93,0
DA:96,1
DA:98,2
DA:99,2
DA:100,1
DA:102,1
DA:105,1
DA:107,1
DA:108,1
DA:109,1
DA:110,1
DA:111,2
DA:114,1
DA:120,1
DA:121,1
DA:122,2
DA:123,1
DA:126,1
DA:127,1
DA:128,1
DA:141,1
DA:142,5
DA:160,1
DA:161,2
DA:162,3
DA:163,1
DA:164,0
DA:165,0
DA:166,0
DA:167,0
DA:169,0
DA:176,1
DA:177,3
DA:178,3
DA:180,2
DA:181,1
DA:182,2
DA:185,1
DA:186,3
DA:187,2
DA:190,1
DA:191,2
DA:192,1
DA:193,1
DA:194,1
DA:197,1
DA:199,2
DA:201,1
DA:202,3
DA:203,1
DA:204,3
DA:205,4
DA:206,0
DA:208,2
DA:209,2
DA:213,1
DA:214,1
DA:229,1
LF:97
LH:70
end_of_record
SF:lib\views\cart_screen.dart
DA:8,1
DA:10,1
DA:11,1
DA:15,1
DA:17,1
DA:19,1
DA:20,1
DA:21,1
DA:22,1
DA:24,1
DA:26,3
DA:28,3
DA:36,1
DA:48,1
DA:49,1
DA:50,2
DA:53,1
DA:55,1
DA:56,3
DA:57,3
DA:60,1
DA:61,0
DA:62,1
DA:66,1
DA:68,1
DA:69,1
DA:70,0
DA:71,1
DA:73,1
DA:74,1
DA:77,1
DA:78,0
DA:79,1
DA:80,1
DA:81,1
DA:87,1
DA:88,1
DA:97,1
DA:99,1
DA:100,1
DA:106,1
DA:108,1
DA:109,2
DA:112,1
DA:114,2
DA:115,1
DA:118,1
DA:120,2
DA:122,1
DA:124,1
DA:126,1
DA:127,1
DA:130,1
DA:131,1
DA:135,1
DA:136,1
DA:137,1
DA:146,1
DA:147,1
DA:149,1
DA:150,1
DA:151,3
DA:153,1
DA:154,0
DA:155,0
DA:156,0
DA:157,0
DA:158,0
DA:161,1
DA:162,0
DA:163,0
DA:164,0
DA:165,0
DA:166,0
DA:169,1
DA:170,1
DA:174,1
DA:175,1
DA:176,1
DA:177,1
DA:178,2
DA:183,1
DA:185,1
DA:186,1
DA:188,1
DA:189,2
DA:190,2
DA:195,1
DA:196,1
DA:197,1
DA:198,3
DA:199,1
DA:203,1
DA:204,0
DA:206,2
DA:208,2
DA:210,1
DA:219,1
DA:221,1
DA:222,2
DA:223,1
DA:224,5
DA:226,1
DA:227,5
LF:104
LH:90
end_of_record
SF:lib\models\cart_model.dart
DA:8,12
DA:13,4
DA:15,4
DA:16,14
DA:20,5
DA:21,3
DA:23,3
DA:25,4
DA:26,1
DA:32,8
DA:33,4
DA:37,1
DA:38,3
DA:39,2
DA:40,2
DA:41,2
DA:42,1
DA:44,2
DA:46,1
DA:52,2
DA:53,6
DA:54,4
DA:55,4
DA:56,2
DA:57,2
DA:59,2
DA:61,2
DA:68,2
DA:69,10
DA:70,2
DA:73,1
DA:74,2
DA:75,1
DA:78,2
DA:79,6
LF:35
LH:35
end_of_record
SF:lib\widgets\nav_menu.dart
DA:9,1
DA:11,1
DA:13,1
DA:15,1
DA:16,1
DA:20,1
DA:21,1
DA:27,1
DA:29,1
DA:30,4
DA:33,1
DA:34,4
DA:37,1
DA:38,7
DA:41,1
DA:43,4
DA:45,1
DA:46,1
DA:48,1
DA:50,1
DA:52,1
DA:55,3
DA:56,3
DA:61,1
DA:62,1
DA:64,5
DA:65,1
DA:66,4
DA:69,1
DA:72,1
DA:76,5
DA:78,1
DA:79,1
DA:80,2
DA:81,1
DA:84,1
DA:85,3
DA:86,2
DA:87,1
DA:88,2
DA:89,3
DA:98,1
DA:100,1
DA:101,0
LF:44
LH:43
end_of_record
SF:lib\models\menu_item.dart
DA:12,1
LF:1
LH:1
end_of_record
SF:lib\repositories\pricing_repository.dart
DA:4,3
DA:5,3
DA:11,6
DA:12,6
DA:13,12
DA:17,12
LF:6
LH:6
end_of_record
SF:lib\models\personalise_product_model.dart
DA:10,4
DA:12,1
DA:13,4
DA:16,2
DA:19,2
DA:20,2
DA:23,2
DA:24,2
DA:25,2
DA:27,1
DA:29,8
LF:11
LH:11
end_of_record
